12/28/20 15:24:03 [4616][1][FATAL] Error fetching relationship from cache my_module_created_by
12/28/20 15:24:03 [4616][1][FATAL] Error fetching relationship from cache my_module_modified_user
12/28/20 15:24:03 [4616][1][FATAL] Error fetching relationship from cache my_module_assigned_user
12/28/20 16:44:25 [4616][1][FATAL] Error fetching relationship from cache my_module_created_by
12/28/20 16:44:25 [4616][1][FATAL] Error fetching relationship from cache my_module_modified_user
12/28/20 16:44:25 [4616][1][FATAL] Error fetching relationship from cache my_module_assigned_user
12/28/20 17:07:28 [4616][1][FATAL] MySQL error 1146: Table 'sugarcrm.opportunities_contacts' doesn't exist
12/28/20 17:09:20 [4616][1][FATAL] MySQL error 1146: Table 'sugarcrm.opportunities_contacts' doesn't exist
12/28/20 17:37:32 [4616][1][FATAL] Error fetching relationship from cache accounts_custom_module_1
12/28/20 17:37:36 [4616][1][FATAL] Error fetching relationship from cache accounts_custom_module_1
12/28/20 18:38:49 [4616][1][FATAL] Error fetching relationship from cache accounts_custom_module_1
12/28/20 18:38:51 [4616][1][FATAL] Error fetching relationship from cache accounts_custom_module_1
01/02/21 10:24:42 [3456][1][FATAL] Error: File [modules/Activities/metadata/detailviewdefs.php] is missing.  Unable to create because no corresponding HTML file was found.
01/02/21 10:53:50 [3456][1][FATAL] Error: File [modules/Activities/metadata/detailviewdefs.php] is missing.  Unable to create because no corresponding HTML file was found.
01/02/21 10:53:51 [3456][1][FATAL] Error: File [modules/Activities/metadata/detailviewdefs.php] is missing.  Unable to create because no corresponding HTML file was found.
01/02/21 10:54:04 [3456][1][FATAL] Error: File [modules/Activities/metadata/detailviewdefs.php] is missing.  Unable to create because no corresponding HTML file was found.
01/02/21 10:54:08 [3456][1][FATAL] Error: File [modules/Activities/metadata/detailviewdefs.php] is missing.  Unable to create because no corresponding HTML file was found.
01/02/21 10:56:30 [3456][1][FATAL] Error: File [modules/Activities/metadata/detailviewdefs.php] is missing.  Unable to create because no corresponding HTML file was found.
01/02/21 10:56:31 [3456][1][FATAL] Error: File [modules/Activities/metadata/detailviewdefs.php] is missing.  Unable to create because no corresponding HTML file was found.
01/02/21 10:56:32 [3456][1][FATAL] Error: File [modules/Activities/metadata/detailviewdefs.php] is missing.  Unable to create because no corresponding HTML file was found.
01/02/21 10:57:25 [3456][1][FATAL] Error: File [modules/Activities/metadata/detailviewdefs.php] is missing.  Unable to create because no corresponding HTML file was found.
01/02/21 10:57:41 [3456][1][FATAL] Error: File [modules/Activities/metadata/detailviewdefs.php] is missing.  Unable to create because no corresponding HTML file was found.
01/02/21 10:58:13 [3456][1][FATAL] Error: File [modules/Activities/metadata/detailviewdefs.php] is missing.  Unable to create because no corresponding HTML file was found.
01/02/21 10:58:25 [3456][1][FATAL] Error: File [modules/Activities/metadata/detailviewdefs.php] is missing.  Unable to create because no corresponding HTML file was found.
01/02/21 10:58:25 [3456][1][FATAL] Error: File [modules/Activities/metadata/detailviewdefs.php] is missing.  Unable to create because no corresponding HTML file was found.
01/02/21 10:58:26 [3456][1][FATAL] Error: File [modules/Activities/metadata/detailviewdefs.php] is missing.  Unable to create because no corresponding HTML file was found.
01/02/21 11:01:18 [3456][1][FATAL] Error: File [modules/Activities/metadata/detailviewdefs.php] is missing.  Unable to create because no corresponding HTML file was found.
01/03/21 12:50:45 [18924][1][FATAL] Error: File [modules/Activities/metadata/detailviewdefs.php] is missing.  Unable to create because no corresponding HTML file was found.
01/04/21 13:35:42 [18924][1][FATAL] MySQL error 1146: Table 'sugarcrm.calls_users' doesn't exist
01/04/21 13:35:45 [18924][1][FATAL] MySQL error 1146: Table 'sugarcrm.calls_users' doesn't exist
01/09/21 10:54:27 [15720][-none-][FATAL] MySQL error 1146: Table 'sugarcrm.users' doesn't exist
01/09/21 10:54:34 [15720][-none-][FATAL] MySQL error 1146: Table 'sugarcrm.users' doesn't exist
01/10/21 13:12:28 [15720][1][FATAL] MySQL error 1064: You have an error in your SQL syntax; check the manual that corresponds to your MariaDB server version for the right syntax to use near 'where   meetings.date_end  <''  ORDER BY meetings.id DESC' at line 1
01/11/21 07:40:17 [3020][1][FATAL] MySQL error 1064: You have an error in your SQL syntax; check the manual that corresponds to your MariaDB server version for the right syntax to use near 'FROM' at line 1
01/11/21 08:33:47 [3020][1][FATAL] MySQL error 1052: Column 'description' in field list is ambiguous
01/11/21 08:34:03 [3020][1][FATAL] MySQL error 1052: Column 'description' in field list is ambiguous
01/11/21 08:34:19 [3020][1][FATAL] MySQL error 1064: You have an error in your SQL syntax; check the manual that corresponds to your MariaDB server version for the right syntax to use near 'desc FROM meetings   INNER JOIN  users ON meetings.assigned_user_id = users.id  ' at line 1
01/11/21 08:34:39 [3020][1][FATAL] MySQL error 1064: You have an error in your SQL syntax; check the manual that corresponds to your MariaDB server version for the right syntax to use near 'desc FROM meetings   INNER JOIN  users ON meetings.assigned_user_id = users.id  ' at line 1
01/11/21 08:38:03 [3020][1][FATAL] MySQL error 1064: You have an error in your SQL syntax; check the manual that corresponds to your MariaDB server version for the right syntax to use near 'desc FROM meetings   ORDER BY meetings.id DESC' at line 1
01/11/21 08:38:10 [3020][1][FATAL] MySQL error 1064: You have an error in your SQL syntax; check the manual that corresponds to your MariaDB server version for the right syntax to use near 'desc FROM meetings   ORDER BY meetings.id DESC' at line 1
01/11/21 08:39:15 [3020][1][FATAL] MySQL error 1064: You have an error in your SQL syntax; check the manual that corresponds to your MariaDB server version for the right syntax to use near 'desc FROM meetings   INNER JOIN  users ON meetings.assigned_user_id = users.id  ' at line 1
01/11/21 11:27:28 [3020][1][FATAL] MySQL error 1054: Unknown column 'notes.status' in 'field list'
01/11/21 11:28:16 [3020][1][FATAL] MySQL error 1054: Unknown column 'notes.status' in 'field list'
01/11/21 11:28:28 [3020][1][FATAL] MySQL error 1054: Unknown column 'notes.status' in 'field list'
01/11/21 11:30:23 [3020][1][FATAL] MySQL error 1054: Unknown column 'notes.assigned_user_id' in 'on clause'
01/11/21 11:35:07 [3020][1][FATAL] MySQL error 1054: Unknown column 'tasks.assigned_user_id' in 'on clause'
01/11/21 11:36:39 [3020][1][FATAL] MySQL error 1054: Unknown column 'meetings.assigned_user_id' in 'on clause'
01/11/21 11:36:57 [3020][1][FATAL] MySQL error 1054: Unknown column 'meetings.assigned_user_id' in 'on clause'
01/11/21 11:37:14 [3020][1][FATAL] MySQL error 1054: Unknown column 'meetings.assigned_user_id' in 'on clause'
01/11/21 11:37:23 [3020][1][FATAL] MySQL error 1054: Unknown column 'meetings.assigned_user_id' in 'on clause'
01/11/21 11:37:41 [3020][1][FATAL] MySQL error 1054: Unknown column 'meetings.assigned_user_id' in 'on clause'
01/11/21 11:38:34 [3020][1][FATAL] MySQL error 1054: Unknown column 'meetings.assigned_user_id' in 'on clause'
01/11/21 13:07:02 [3020][1][FATAL] MySQL error 1064: You have an error in your SQL syntax; check the manual that corresponds to your MariaDB server version for the right syntax to use near '.  ORDER BY meetings.id DESC' at line 1
01/12/21 11:56:18 [15796][1][FATAL] MySQL error 1054: Unknown column 'time' in 'order clause'
01/12/21 11:57:08 [15796][1][FATAL] MySQL error 1054: Unknown column 'time' in 'order clause'
01/12/21 11:57:14 [15796][1][FATAL] MySQL error 1052: Column 'date_entered' in order clause is ambiguous
01/12/21 11:58:07 [15796][1][FATAL] MySQL error 1054: Unknown column 'calls.user' in 'order clause'
01/18/21 07:37:12 [12508][1][FATAL] MySQL error 1064: You have an error in your SQL syntax; check the manual that corresponds to your MariaDB server version for the right syntax to use near 'FROM   where   .date_end  <'2021-01-17'  ORDER BY .id DESC ,.status' at line 1
01/18/21 07:37:55 [12508][1][FATAL] MySQL error 1054: Unknown column 'notes.status' in 'order clause'
01/18/21 07:38:03 [12508][1][FATAL] MySQL error 1054: Unknown column 'notes.status' in 'order clause'
01/18/21 07:38:29 [12508][1][FATAL] MySQL error 1054: Unknown column 'notes.status' in 'order clause'
01/18/21 07:38:31 [12508][1][FATAL] MySQL error 1054: Unknown column 'notes.status' in 'order clause'
01/18/21 07:38:44 [12508][1][FATAL] MySQL error 1054: Unknown column 'notes.status' in 'order clause'
01/18/21 07:39:47 [12508][1][FATAL] MySQL error 1054: Unknown column 'notes.status' in 'order clause'
01/18/21 07:40:53 [12508][1][FATAL] MySQL error 1054: Unknown column 'notes.status' in 'order clause'
01/18/21 07:41:24 [12508][1][FATAL] MySQL error 1064: You have an error in your SQL syntax; check the manual that corresponds to your MariaDB server version for the right syntax to use near 'FROM    ORDER BY .id DESC ,.date_entered' at line 1
01/18/21 07:43:39 [12508][1][FATAL] MySQL error 1064: You have an error in your SQL syntax; check the manual that corresponds to your MariaDB server version for the right syntax to use near 'FROM' at line 1
01/18/21 07:44:10 [12508][1][FATAL] Error: Module asol_Project does not exist.
01/18/21 09:40:15 [12508][1][FATAL] MySQL error 1064: You have an error in your SQL syntax; check the manual that corresponds to your MariaDB server version for the right syntax to use near 'FROM   where   .date_start  >'2021-01-10' where   .date_end  <'2021-01-30'  ORDE' at line 1
01/18/21 09:40:24 [12508][1][FATAL] MySQL error 1064: You have an error in your SQL syntax; check the manual that corresponds to your MariaDB server version for the right syntax to use near 'where   meetings.date_end  <'2021-01-30'  ORDER BY meetings.id DESC' at line 1
01/18/21 09:40:35 [12508][1][FATAL] MySQL error 1064: You have an error in your SQL syntax; check the manual that corresponds to your MariaDB server version for the right syntax to use near 'FROM   where   .date_start  >'2021-01-11' where   .date_end  <'2021-01-30'  ORDE' at line 1
01/18/21 09:40:44 [12508][1][FATAL] MySQL error 1064: You have an error in your SQL syntax; check the manual that corresponds to your MariaDB server version for the right syntax to use near 'where   calls.date_end  <'2021-01-30'  ORDER BY calls.id DESC' at line 1
01/18/21 09:49:57 [12508][1][FATAL] MySQL error 1064: You have an error in your SQL syntax; check the manual that corresponds to your MariaDB server version for the right syntax to use near 'where   calls.date_end  <'2021-01-30'  ORDER BY calls.id DESC' at line 1
01/18/21 12:48:12 [12508][1][FATAL] Error: Module Account does not exist.
01/18/21 12:48:45 [12508][1][FATAL] MySQL error 1064: You have an error in your SQL syntax; check the manual that corresponds to your MariaDB server version for the right syntax to use near 'FROM    ORDER BY .id DESC' at line 1
